5492616018619:ENCOLADO ans_43d4f13b-7a7e-42f9-930e-a1d70fbe3daa
EJECUTANDO:ans_43d4f13b-7a7e-42f9-930e-a1d70fbe3daa
5492616018619:SUCCESS
5492616018619:ENCOLADO ans_95b799a2-faa8-4ef1-843f-6f83ed372d13
EJECUTANDO:ans_95b799a2-faa8-4ef1-843f-6f83ed372d13
5492616018619:SUCCESS
5492616018619:ENCOLADO ans_7b486401-513c-4737-a0d9-40afcfdb9923
EJECUTANDO:ans_7b486401-513c-4737-a0d9-40afcfdb9923
5492616018619:SUCCESS
5492616018619:ENCOLADO ans_61cdb4fe-ee20-45bf-9794-dcfb8ef0f2d9
EJECUTANDO:ans_61cdb4fe-ee20-45bf-9794-dcfb8ef0f2d9
5492616018619:SUCCESS
5492616018619:ENCOLADO ans_43d4f13b-7a7e-42f9-930e-a1d70fbe3daa
EJECUTANDO:ans_43d4f13b-7a7e-42f9-930e-a1d70fbe3daa
5492616018619:SUCCESS
5492616018619:ENCOLADO ans_95b799a2-faa8-4ef1-843f-6f83ed372d13
EJECUTANDO:ans_95b799a2-faa8-4ef1-843f-6f83ed372d13
5492616018619:SUCCESS
5492616018619:ENCOLADO ans_61cdb4fe-ee20-45bf-9794-dcfb8ef0f2d9
EJECUTANDO:ans_61cdb4fe-ee20-45bf-9794-dcfb8ef0f2d9
5492616018619:SUCCESS
5492616018619:ENCOLADO ans_43d4f13b-7a7e-42f9-930e-a1d70fbe3daa
EJECUTANDO:ans_43d4f13b-7a7e-42f9-930e-a1d70fbe3daa
5492616018619:SUCCESS
5492616018619:ENCOLADO ans_95b799a2-faa8-4ef1-843f-6f83ed372d13
EJECUTANDO:ans_95b799a2-faa8-4ef1-843f-6f83ed372d13
5492616018619:SUCCESS
5492616018619:ENCOLADO ans_0729c947-9999-4963-b898-34fab00f70e5
EJECUTANDO:ans_0729c947-9999-4963-b898-34fab00f70e5
5492616018619:SUCCESS
5492616018619:ENCOLADO ans_43d4f13b-7a7e-42f9-930e-a1d70fbe3daa
EJECUTANDO:ans_43d4f13b-7a7e-42f9-930e-a1d70fbe3daa
5492616018619:SUCCESS
5492616018619:ENCOLADO ans_95b799a2-faa8-4ef1-843f-6f83ed372d13
EJECUTANDO:ans_95b799a2-faa8-4ef1-843f-6f83ed372d13
5492616018619:SUCCESS
5492616018619:ENCOLADO ans_0aca64e8-ceba-4989-abb9-f05241985d81
EJECUTANDO:ans_0aca64e8-ceba-4989-abb9-f05241985d81
5492616018619:SUCCESS
5492616018619:ENCOLADO ans_43d4f13b-7a7e-42f9-930e-a1d70fbe3daa
EJECUTANDO:ans_43d4f13b-7a7e-42f9-930e-a1d70fbe3daa
5492616018619:SUCCESS
5492616018619:ENCOLADO ans_95b799a2-faa8-4ef1-843f-6f83ed372d13
EJECUTANDO:ans_95b799a2-faa8-4ef1-843f-6f83ed372d13
5492616018619:SUCCESS
5492616018619:ENCOLADO ans_43d4f13b-7a7e-42f9-930e-a1d70fbe3daa
EJECUTANDO:ans_43d4f13b-7a7e-42f9-930e-a1d70fbe3daa
5492616018619:SUCCESS
5492616018619:ENCOLADO ans_95b799a2-faa8-4ef1-843f-6f83ed372d13
EJECUTANDO:ans_95b799a2-faa8-4ef1-843f-6f83ed372d13
5492616018619:SUCCESS
